*   Trying ::1:8080...
* Connected to localhost (::1) port 8080 (#0)
> POST /bonita/loginservice HTTP/1.1
Host: localhost:8080
Accept: */*
Content-Length: 54
Content-Type: application/x-www-form-urlencoded

* upload completely sent off: 54 out of 54 bytes
* Mark bundle as not supporting multiuse
< HTTP/1.1 204 
< vary: Origin
< Access-Control-Allow-Credentials: true
< Access-Control-Expose-Headers: Access-Control-Allow-Origin,Access-Control-Allow-Credentials,X-Bonita-API-Token
< X-Frame-Options: SAMEORIGIN
< X-Content-Type-Options: nosniff
* Added cookie bonita.tenant="1" for domain localhost, path /bonita/, expire 0
< Set-Cookie: bonita.tenant=1; SameSite=Lax
* Added cookie JSESSIONID="C7ED9AADF0123B9447992111020AFE1C" for domain localhost, path /, expire 0
< Set-Cookie: JSESSIONID=C7ED9AADF0123B9447992111020AFE1C; Path=/; HttpOnly; SameSite=Lax
* Added cookie X-Bonita-API-Token="ff5c2341-eaaf-4247-8e60-e429f74603aa" for domain localhost, path /, expire 0
< Set-Cookie: X-Bonita-API-Token=ff5c2341-eaaf-4247-8e60-e429f74603aa; Path=/; SameSite=Lax
* Added cookie BOS_Locale="es" for domain localhost, path /, expire 0
< Set-Cookie: BOS_Locale=es; Path=/; SameSite=Lax
< Date: Thu, 15 Sep 2022 04:50:38 GMT
< 
* Connection #0 to host localhost left intact
